  [1m[36mSQL (1.8ms)[0m  [1m SELECT name
 FROM sqlite_master
 WHERE type = 'table' AND NOT name = 'sqlite_sequence'
[0m
  [1m[35mSQL (0.1ms)[0m  select sqlite_version(*)
  [1m[36mSQL (1.4ms)[0m  [1mCREATE TABLE "schema_migrations" ("version" varchar(255) NOT NULL) [0m
  [1m[35mSQL (0.1ms)[0m  PRAGMA index_list("schema_migrations")
  [1m[36mSQL (1.1ms)[0m  [1mCREATE UNIQUE INDEX "unique_schema_migrations" ON "schema_migrations" ("version")[0m
  [1m[35mSQL (0.2ms)[0m   SELECT name
 FROM sqlite_master
 WHERE type = 'table' AND NOT name = 'sqlite_sequence'
  [1m[36mSQL (0.1ms)[0m  [1m SELECT name
 FROM sqlite_master
 WHERE type = 'table' AND NOT name = 'sqlite_sequence'
[0m
  [1m[35mSQL (0.1ms)[0m  SELECT "schema_migrations"."version" FROM "schema_migrations"
Migrating to DeviseCreateUsers (20120110144559)
  [1m[36mSQL (0.6ms)[0m  [1mCREATE TABLE "users" ("id" INTEGER PRIMARY KEY AUTOINCREMENT NOT NULL, "email" varchar(255) DEFAULT '' NOT NULL, "encrypted_password" varchar(128) DEFAULT '' NOT NULL, "reset_password_token" varchar(255), "remember_created_at" datetime, "sign_in_count" integer DEFAULT 0, "current_sign_in_at" datetime, "last_sign_in_at" datetime, "current_sign_in_ip" varchar(255), "last_sign_in_ip" varchar(255), "created_at" datetime, "updated_at" datetime) [0m
  [1m[35mSQL (0.1ms)[0m  PRAGMA index_list("users")
  [1m[36mSQL (0.4ms)[0m  [1mCREATE UNIQUE INDEX "index_users_on_email" ON "users" ("email")[0m
  [1m[35mSQL (0.1ms)[0m  PRAGMA index_list("users")
  [1m[36mSQL (0.1ms)[0m  [1mPRAGMA index_info('index_users_on_email')[0m
  [1m[35mSQL (0.1ms)[0m  CREATE UNIQUE INDEX "index_users_on_reset_password_token" ON "users" ("reset_password_token")
  [1m[36mSQL (0.1ms)[0m  [1mINSERT INTO "schema_migrations" ("version") VALUES ('20120110144559')[0m
  [1m[35mSQL (0.3ms)[0m   SELECT name
 FROM sqlite_master
 WHERE type = 'table' AND NOT name = 'sqlite_sequence'
  [1m[36mSQL (0.2ms)[0m  [1mSELECT "schema_migrations"."version" FROM "schema_migrations"[0m
  [1m[35mSQL (0.1ms)[0m   SELECT name
 FROM sqlite_master
 WHERE type = 'table' AND NOT name = 'sqlite_sequence'
  [1m[36mSQL (0.1ms)[0m  [1mPRAGMA index_list("users")[0m
  [1m[35mSQL (0.1ms)[0m  PRAGMA index_info('index_users_on_reset_password_token')
  [1m[36mSQL (0.1ms)[0m  [1mPRAGMA index_info('index_users_on_email')[0m


Started GET "/" for 127.0.0.1 at 2012-01-10 15:50:28 +0100
  Processing by HomeController#index as HTML
Completed   in 1ms


Started GET "/users/sign_in" for 127.0.0.1 at 2012-01-10 15:50:28 +0100
  Processing by Devise::SessionsController#new as HTML
Rendered /Users/ericfavre/.rvm/gems/ruby-1.9.2-p180/gems/devise-1.2.1/app/views/devise/shared/_links.erb (1.7ms)
Rendered /Users/ericfavre/.rvm/gems/ruby-1.9.2-p180/gems/devise-1.2.1/app/views/devise/sessions/new.html.erb within layouts/application (9.2ms)
Completed 200 OK in 37ms (Views: 15.5ms | ActiveRecord: 0.0ms)


Started GET "/users/sign_up" for 127.0.0.1 at 2012-01-10 15:50:32 +0100
  Processing by Devise::RegistrationsController#new as HTML
Rendered /Users/ericfavre/.rvm/gems/ruby-1.9.2-p180/gems/devise-1.2.1/app/views/devise/shared/_links.erb (1.6ms)
Rendered /Users/ericfavre/.rvm/gems/ruby-1.9.2-p180/gems/devise-1.2.1/app/views/devise/registrations/new.html.erb within layouts/application (14.9ms)
Completed 200 OK in 61ms (Views: 19.9ms | ActiveRecord: 0.0ms)


Started POST "/users" for 127.0.0.1 at 2012-01-10 15:50:46 +0100
  Processing by Devise::RegistrationsController#create as HTML
  Parameters: {"utf8"=>"✓", "authenticity_token"=>"lP3axu8eGMQBmrtQpwr9BDY4/hzghPkXZHiUiktmu0k=", "user"=>{"email"=>"efavre@octo.com", "password"=>"[FILTERED]", "password_confirmation"=>"[FILTERED]"}, "commit"=>"Sign up"}
  [1m[36mSQL (0.2ms)[0m  [1m SELECT name
 FROM sqlite_master
 WHERE type = 'table' AND NOT name = 'sqlite_sequence'
[0m
  [1m[35mAREL (0.6ms)[0m  INSERT INTO "users" ("email", "encrypted_password", "reset_password_token", "remember_created_at", "sign_in_count", "current_sign_in_at", "last_sign_in_at", "current_sign_in_ip", "last_sign_in_ip", "created_at", "updated_at") VALUES ('efavre@octo.com', '$2a$10$g9d3n1N2JpgbSXRV/keUUOkcZlLKfZ5Pr.iOdXUblkbGTc8/WGj9q', NULL, NULL, 0, NULL, NULL, NULL, NULL, '2012-01-10 14:50:46.905639', '2012-01-10 14:50:46.905639')
  [1m[36mAREL (0.4ms)[0m  [1mUPDATE "users" SET "last_sign_in_at" = '2012-01-10 14:50:47.015258', "current_sign_in_at" = '2012-01-10 14:50:47.015258', "last_sign_in_ip" = '127.0.0.1', "current_sign_in_ip" = '127.0.0.1', "sign_in_count" = 1, "updated_at" = '2012-01-10 14:50:47.015661' WHERE "users"."id" = 1[0m
Redirected to http://localhost:3000/
Completed 302 Found in 215ms


Started GET "/" for 127.0.0.1 at 2012-01-10 15:50:47 +0100
  Processing by HomeController#index as HTML
  [1m[35mUser Load (34.3ms)[0m  SELECT "users".* FROM "users" WHERE "users"."id" = 1 LIMIT 1
Rendered home/index.html.erb within layouts/application (1.7ms)
Completed 200 OK in 99ms (Views: 7.0ms | ActiveRecord: 35.4ms)


Started GET "/" for 127.0.0.1 at 2012-01-10 16:35:27 +0100
  Processing by HomeController#index as HTML
  [1m[36mUser Load (0.4ms)[0m  [1mSELECT "users".* FROM "users" WHERE "users"."id" = 1 LIMIT 1[0m
Rendered home/index.html.erb within layouts/application (148.2ms)
Completed   in 175ms

ActionView::Template::Error (undefined method `javascript_link_tag' for #<#<Class:0x000001014f9050>:0x000001014f1a80>):
    1: <%= javascript_link_tag"http://js.pusher.com/1.11/pusher.min.js" %>
    2: 
    3: <h1>Messagerie Instantanée</h1>
  app/views/home/index.html.erb:1:in `_app_views_home_index_html_erb__1432416089273734566_2158441020_3419733491277857558'

Rendered /Users/ericfavre/.rvm/gems/ruby-1.9.2-p180/gems/actionpack-3.0.5/lib/action_dispatch/middleware/templates/rescues/_trace.erb (1.1ms)
Rendered /Users/ericfavre/.rvm/gems/ruby-1.9.2-p180/gems/actionpack-3.0.5/lib/action_dispatch/middleware/templates/rescues/_request_and_response.erb (67.3ms)
Rendered /Users/ericfavre/.rvm/gems/ruby-1.9.2-p180/gems/actionpack-3.0.5/lib/action_dispatch/middleware/templates/rescues/template_error.erb within rescues/layout (73.7ms)


Started GET "/" for 127.0.0.1 at 2012-01-10 16:35:47 +0100
  Processing by HomeController#index as HTML
  [1m[35mUser Load (0.8ms)[0m  SELECT "users".* FROM "users" WHERE "users"."id" = 1 LIMIT 1
Rendered home/index.html.erb within layouts/application (2.1ms)
Completed 200 OK in 62ms (Views: 6.7ms | ActiveRecord: 0.8ms)


Started GET "/" for 127.0.0.1 at 2012-01-10 16:36:07 +0100
  Processing by HomeController#index as HTML
  [1m[36mUser Load (0.5ms)[0m  [1mSELECT "users".* FROM "users" WHERE "users"."id" = 1 LIMIT 1[0m
Rendered home/index.html.erb within layouts/application (2.1ms)
Completed 200 OK in 36ms (Views: 6.9ms | ActiveRecord: 0.5ms)


Started GET "/" for 127.0.0.1 at 2012-01-10 16:36:12 +0100
  Processing by HomeController#index as HTML
  [1m[35mUser Load (0.5ms)[0m  SELECT "users".* FROM "users" WHERE "users"."id" = 1 LIMIT 1
Rendered home/index.html.erb within layouts/application (3.0ms)
Completed 200 OK in 65ms (Views: 7.7ms | ActiveRecord: 0.5ms)


Started GET "/" for 127.0.0.1 at 2012-01-10 17:04:28 +0100
  Processing by HomeController#index as HTML
  [1m[36mUser Load (0.5ms)[0m  [1mSELECT "users".* FROM "users" WHERE "users"."id" = 1 LIMIT 1[0m
Rendered home/index.html.erb within layouts/application (2.1ms)
Completed 200 OK in 71ms (Views: 6.9ms | ActiveRecord: 0.5ms)


Started GET "/" for 127.0.0.1 at 2012-01-10 17:04:49 +0100
  Processing by HomeController#index as HTML
  [1m[35mUser Load (0.5ms)[0m  SELECT "users".* FROM "users" WHERE "users"."id" = 1 LIMIT 1
Rendered home/index.html.erb within layouts/application (4.1ms)
Completed 200 OK in 34ms (Views: 10.0ms | ActiveRecord: 0.5ms)


Started POST "/home/index" for 127.0.0.1 at 2012-01-10 17:04:51 +0100

ActionController::RoutingError (No route matches "/home/index"):
  

Rendered /Users/ericfavre/.rvm/gems/ruby-1.9.2-p180/gems/actionpack-3.0.5/lib/action_dispatch/middleware/templates/rescues/routing_error.erb within rescues/layout (1.0ms)


Started GET "/" for 127.0.0.1 at 2012-01-10 17:05:14 +0100
  Processing by HomeController#index as HTML
  [1m[36mUser Load (0.6ms)[0m  [1mSELECT "users".* FROM "users" WHERE "users"."id" = 1 LIMIT 1[0m
Rendered home/index.html.erb within layouts/application (2.7ms)
Completed 200 OK in 33ms (Views: 7.7ms | ActiveRecord: 0.6ms)


Started GET "/" for 127.0.0.1 at 2012-01-10 17:06:51 +0100
  Processing by HomeController#index as HTML
  [1m[35mUser Load (0.5ms)[0m  SELECT "users".* FROM "users" WHERE "users"."id" = 1 LIMIT 1
Rendered home/index.html.erb within layouts/application (0.8ms)
Completed   in 65ms

ActionView::Template::Error (undefined method `text_field_tag' for nil:NilClass):
    2: 
    3: <h1>Messagerie Instantanée</h1>
    4: <%= form_tag "message_form", :remote => true do |f|%>
    5: <%= f.text_field_tag "message" %>
    6: <%= f.submit "post", :remote => true %>
    7: <% end %>
  app/views/home/index.html.erb:5:in `block in _app_views_home_index_html_erb__1432416089273734566_2185512700_3419733491277857558'
  app/views/home/index.html.erb:4:in `_app_views_home_index_html_erb__1432416089273734566_2185512700_3419733491277857558'

Rendered /Users/ericfavre/.rvm/gems/ruby-1.9.2-p180/gems/actionpack-3.0.5/lib/action_dispatch/middleware/templates/rescues/_trace.erb (1.3ms)
Rendered /Users/ericfavre/.rvm/gems/ruby-1.9.2-p180/gems/actionpack-3.0.5/lib/action_dispatch/middleware/templates/rescues/_request_and_response.erb (69.0ms)
Rendered /Users/ericfavre/.rvm/gems/ruby-1.9.2-p180/gems/actionpack-3.0.5/lib/action_dispatch/middleware/templates/rescues/template_error.erb within rescues/layout (74.7ms)


Started GET "/" for 127.0.0.1 at 2012-01-10 17:06:54 +0100
  Processing by HomeController#index as HTML
  [1m[36mUser Load (0.6ms)[0m  [1mSELECT "users".* FROM "users" WHERE "users"."id" = 1 LIMIT 1[0m
Rendered home/index.html.erb within layouts/application (0.9ms)
Completed   in 29ms

ActionView::Template::Error (undefined method `text_field_tag' for nil:NilClass):
    2: 
    3: <h1>Messagerie Instantanée</h1>
    4: <%= form_tag "message_form", :remote => true do |f|%>
    5: <%= f.text_field_tag "message" %>
    6: <%= f.submit "post", :remote => true %>
    7: <% end %>
  app/views/home/index.html.erb:5:in `block in _app_views_home_index_html_erb__1432416089273734566_2159900440_3419733491277857558'
  app/views/home/index.html.erb:4:in `_app_views_home_index_html_erb__1432416089273734566_2159900440_3419733491277857558'

Rendered /Users/ericfavre/.rvm/gems/ruby-1.9.2-p180/gems/actionpack-3.0.5/lib/action_dispatch/middleware/templates/rescues/_trace.erb (1.3ms)
Rendered /Users/ericfavre/.rvm/gems/ruby-1.9.2-p180/gems/actionpack-3.0.5/lib/action_dispatch/middleware/templates/rescues/_request_and_response.erb (68.6ms)
Rendered /Users/ericfavre/.rvm/gems/ruby-1.9.2-p180/gems/actionpack-3.0.5/lib/action_dispatch/middleware/templates/rescues/template_error.erb within rescues/layout (74.4ms)


Started GET "/" for 127.0.0.1 at 2012-01-10 17:07:01 +0100
  Processing by HomeController#index as HTML
  [1m[35mUser Load (0.4ms)[0m  SELECT "users".* FROM "users" WHERE "users"."id" = 1 LIMIT 1
Rendered home/index.html.erb within layouts/application (0.9ms)
Completed   in 28ms

ActionView::Template::Error (undefined method `text_field_tag' for nil:NilClass):
    2: 
    3: <h1>Messagerie Instantanée</h1>
    4: <%= form_tag "message_form", :remote => true do |f|%>
    5: <%= f.text_field_tag "message" %>
    6: <%= f.submit "post", :remote => true %>
    7: <% end %>
  app/views/home/index.html.erb:5:in `block in _app_views_home_index_html_erb__1432416089273734566_2185421380_3419733491277857558'
  app/views/home/index.html.erb:4:in `_app_views_home_index_html_erb__1432416089273734566_2185421380_3419733491277857558'

Rendered /Users/ericfavre/.rvm/gems/ruby-1.9.2-p180/gems/actionpack-3.0.5/lib/action_dispatch/middleware/templates/rescues/_trace.erb (1.0ms)
Rendered /Users/ericfavre/.rvm/gems/ruby-1.9.2-p180/gems/actionpack-3.0.5/lib/action_dispatch/middleware/templates/rescues/_request_and_response.erb (66.7ms)
Rendered /Users/ericfavre/.rvm/gems/ruby-1.9.2-p180/gems/actionpack-3.0.5/lib/action_dispatch/middleware/templates/rescues/template_error.erb within rescues/layout (71.4ms)


Started GET "/" for 127.0.0.1 at 2012-01-10 17:07:47 +0100
  Processing by HomeController#index as HTML
  [1m[36mUser Load (0.4ms)[0m  [1mSELECT "users".* FROM "users" WHERE "users"."id" = 1 LIMIT 1[0m
Rendered home/index.html.erb within layouts/application (2.3ms)
Completed 200 OK in 31ms (Views: 6.9ms | ActiveRecord: 0.4ms)


Started GET "/" for 127.0.0.1 at 2012-01-10 17:07:54 +0100
  Processing by HomeController#index as HTML
  [1m[35mUser Load (0.5ms)[0m  SELECT "users".* FROM "users" WHERE "users"."id" = 1 LIMIT 1
Rendered home/index.html.erb within layouts/application (2.3ms)
Completed 200 OK in 29ms (Views: 7.2ms | ActiveRecord: 0.5ms)


Started POST "/message_form" for 127.0.0.1 at 2012-01-10 17:07:56 +0100

ActionController::RoutingError (No route matches "/message_form"):
  

Rendered /Users/ericfavre/.rvm/gems/ruby-1.9.2-p180/gems/actionpack-3.0.5/lib/action_dispatch/middleware/templates/rescues/routing_error.erb within rescues/layout (1.0ms)


Started GET "/" for 127.0.0.1 at 2012-01-10 17:08:38 +0100
  Processing by HomeController#index as HTML
  [1m[36mUser Load (35.8ms)[0m  [1mSELECT "users".* FROM "users" WHERE "users"."id" = 1 LIMIT 1[0m
Rendered home/index.html.erb within layouts/application (2.4ms)
Completed 200 OK in 67ms (Views: 7.1ms | ActiveRecord: 35.8ms)


Started POST "/home" for 127.0.0.1 at 2012-01-10 17:08:39 +0100

ActionController::RoutingError (No route matches "/home"):
  

Rendered /Users/ericfavre/.rvm/gems/ruby-1.9.2-p180/gems/actionpack-3.0.5/lib/action_dispatch/middleware/templates/rescues/routing_error.erb within rescues/layout (0.9ms)


Started GET "/home" for 127.0.0.1 at 2012-01-10 17:08:51 +0100

ActionController::RoutingError (No route matches "/home"):
  

Rendered /Users/ericfavre/.rvm/gems/ruby-1.9.2-p180/gems/actionpack-3.0.5/lib/action_dispatch/middleware/templates/rescues/routing_error.erb within rescues/layout (1.2ms)


Started GET "/home" for 127.0.0.1 at 2012-01-10 17:09:40 +0100

ActionController::RoutingError (No route matches "/home"):
  

Rendered /Users/ericfavre/.rvm/gems/ruby-1.9.2-p180/gems/actionpack-3.0.5/lib/action_dispatch/middleware/templates/rescues/routing_error.erb within rescues/layout (1.0ms)


Started GET "/" for 127.0.0.1 at 2012-01-10 17:09:43 +0100
  Processing by HomeController#index as HTML
  [1m[35mUser Load (0.5ms)[0m  SELECT "users".* FROM "users" WHERE "users"."id" = 1 LIMIT 1
Rendered home/index.html.erb within layouts/application (2.3ms)
Completed 200 OK in 67ms (Views: 6.9ms | ActiveRecord: 0.5ms)


Started POST "/home/send_message" for 127.0.0.1 at 2012-01-10 17:09:44 +0100
  Processing by HomeController#send_message as JS
  Parameters: {"utf8"=>"✓", "authenticity_token"=>"lP3axu8eGMQBmrtQpwr9BDY4/hzghPkXZHiUiktmu0k=", "message"=>"", "commit"=>"post", "_"=>""}
  [1m[36mUser Load (0.4ms)[0m  [1mSELECT "users".* FROM "users" WHERE "users"."id" = 1 LIMIT 1[0m
Completed   in 27ms

ActionView::MissingTemplate (Missing template home/send_message with {:handlers=>[:erb, :rjs, :builder, :rhtml, :rxml], :formats=>[:js, :html, :xml, "*/*"], :locale=>[:en, :en]} in view paths "/Users/ericfavre/workspace/ruby/pusher-chat/app/views", "/Users/ericfavre/.rvm/gems/ruby-1.9.2-p180/gems/devise-1.2.1/app/views"):
  

Rendered /Users/ericfavre/.rvm/gems/ruby-1.9.2-p180/gems/actionpack-3.0.5/lib/action_dispatch/middleware/templates/rescues/missing_template.erb within rescues/layout (0.8ms)


Started GET "/" for 127.0.0.1 at 2012-01-10 17:10:31 +0100
  Processing by HomeController#index as HTML
  [1m[35mUser Load (0.5ms)[0m  SELECT "users".* FROM "users" WHERE "users"."id" = 1 LIMIT 1
Rendered home/index.html.erb within layouts/application (2.8ms)
Completed 200 OK in 72ms (Views: 8.2ms | ActiveRecord: 0.5ms)


Started POST "/home/send_message" for 127.0.0.1 at 2012-01-10 17:10:32 +0100
  Processing by HomeController#send_message as JS
  Parameters: {"utf8"=>"✓", "authenticity_token"=>"lP3axu8eGMQBmrtQpwr9BDY4/hzghPkXZHiUiktmu0k=", "message"=>"", "commit"=>"post", "_"=>""}
  [1m[36mUser Load (0.4ms)[0m  [1mSELECT "users".* FROM "users" WHERE "users"."id" = 1 LIMIT 1[0m
Completed 200 OK in 55ms


Started GET "/" for 127.0.0.1 at 2012-01-10 17:12:34 +0100
  Processing by HomeController#index as HTML
  [1m[35mUser Load (0.6ms)[0m  SELECT "users".* FROM "users" WHERE "users"."id" = 1 LIMIT 1
Rendered home/index.html.erb within layouts/application (3.3ms)
Completed 200 OK in 41ms (Views: 9.2ms | ActiveRecord: 0.6ms)


Started GET "/" for 127.0.0.1 at 2012-01-10 17:17:43 +0100
  Processing by HomeController#index as HTML
  [1m[36mUser Load (0.4ms)[0m  [1mSELECT "users".* FROM "users" WHERE "users"."id" = 1 LIMIT 1[0m
Rendered home/index.html.erb within layouts/application (2.4ms)
Completed 200 OK in 64ms (Views: 6.8ms | ActiveRecord: 0.4ms)


Started GET "/javascripts/prototype.js" for 127.0.0.1 at 2012-01-10 17:17:43 +0100

ActionController::RoutingError (No route matches "/javascripts/prototype.js"):
  

Rendered /Users/ericfavre/.rvm/gems/ruby-1.9.2-p180/gems/actionpack-3.0.5/lib/action_dispatch/middleware/templates/rescues/routing_error.erb within rescues/layout (1.6ms)


Started GET "/javascripts/effects.js" for 127.0.0.1 at 2012-01-10 17:17:43 +0100

ActionController::RoutingError (No route matches "/javascripts/effects.js"):
  

Rendered /Users/ericfavre/.rvm/gems/ruby-1.9.2-p180/gems/actionpack-3.0.5/lib/action_dispatch/middleware/templates/rescues/routing_error.erb within rescues/layout (1.0ms)


Started GET "/javascripts/dragdrop.js" for 127.0.0.1 at 2012-01-10 17:17:44 +0100

ActionController::RoutingError (No route matches "/javascripts/dragdrop.js"):
  

Rendered /Users/ericfavre/.rvm/gems/ruby-1.9.2-p180/gems/actionpack-3.0.5/lib/action_dispatch/middleware/templates/rescues/routing_error.erb within rescues/layout (1.2ms)


Started GET "/javascripts/controls.js" for 127.0.0.1 at 2012-01-10 17:17:44 +0100

ActionController::RoutingError (No route matches "/javascripts/controls.js"):
  

Rendered /Users/ericfavre/.rvm/gems/ruby-1.9.2-p180/gems/actionpack-3.0.5/lib/action_dispatch/middleware/templates/rescues/routing_error.erb within rescues/layout (1.5ms)


Started GET "/javascripts/rails.js" for 127.0.0.1 at 2012-01-10 17:17:44 +0100

ActionController::RoutingError (No route matches "/javascripts/rails.js"):
  

Rendered /Users/ericfavre/.rvm/gems/ruby-1.9.2-p180/gems/actionpack-3.0.5/lib/action_dispatch/middleware/templates/rescues/routing_error.erb within rescues/layout (1.2ms)


Started GET "/" for 127.0.0.1 at 2012-01-10 17:18:07 +0100
  Processing by HomeController#index as HTML
  [1m[35mUser Load (0.4ms)[0m  SELECT "users".* FROM "users" WHERE "users"."id" = 1 LIMIT 1
Rendered home/index.html.erb within layouts/application (2.2ms)
Completed 200 OK in 64ms (Views: 6.5ms | ActiveRecord: 0.4ms)


Started GET "/" for 127.0.0.1 at 2012-01-10 17:19:36 +0100
  Processing by HomeController#index as HTML
  [1m[36mUser Load (0.5ms)[0m  [1mSELECT "users".* FROM "users" WHERE "users"."id" = 1 LIMIT 1[0m
Rendered home/index.html.erb within layouts/application (2.3ms)
Completed 200 OK in 30ms (Views: 7.1ms | ActiveRecord: 0.5ms)


Started GET "/" for 127.0.0.1 at 2012-01-10 17:20:55 +0100
  Processing by HomeController#index as HTML
  [1m[35mUser Load (0.5ms)[0m  SELECT "users".* FROM "users" WHERE "users"."id" = 1 LIMIT 1
Rendered home/index.html.erb within layouts/application (2.2ms)
Completed 200 OK in 31ms (Views: 6.8ms | ActiveRecord: 0.5ms)


Started GET "/" for 127.0.0.1 at 2012-01-10 17:21:32 +0100
  Processing by HomeController#index as HTML
  [1m[36mUser Load (0.8ms)[0m  [1mSELECT "users".* FROM "users" WHERE "users"."id" = 1 LIMIT 1[0m
Rendered home/index.html.erb within layouts/application (2.4ms)
Completed 200 OK in 69ms (Views: 7.2ms | ActiveRecord: 0.8ms)


Started GET "/" for 127.0.0.1 at 2012-01-10 17:21:36 +0100
  Processing by HomeController#index as HTML
  [1m[35mUser Load (0.6ms)[0m  SELECT "users".* FROM "users" WHERE "users"."id" = 1 LIMIT 1
Rendered home/index.html.erb within layouts/application (2.7ms)
Completed 200 OK in 33ms (Views: 8.2ms | ActiveRecord: 0.6ms)


Started GET "/" for 127.0.0.1 at 2012-01-10 17:22:16 +0100
  Processing by HomeController#index as HTML
  [1m[36mUser Load (0.5ms)[0m  [1mSELECT "users".* FROM "users" WHERE "users"."id" = 1 LIMIT 1[0m
Rendered home/index.html.erb within layouts/application (4.2ms)
Completed 200 OK in 40ms (Views: 10.3ms | ActiveRecord: 0.5ms)


Started GET "/" for 127.0.0.1 at 2012-01-10 17:24:09 +0100
  Processing by HomeController#index as HTML
  [1m[35mUser Load (0.5ms)[0m  SELECT "users".* FROM "users" WHERE "users"."id" = 1 LIMIT 1
Rendered home/index.html.erb within layouts/application (2.3ms)
Completed 200 OK in 66ms (Views: 6.7ms | ActiveRecord: 0.5ms)


Started POST "/home/send_message" for 127.0.0.1 at 2012-01-10 18:23:31 +0100
  Processing by HomeController#send_message as JS
  Parameters: {"utf8"=>"✓", "authenticity_token"=>"lP3axu8eGMQBmrtQpwr9BDY4/hzghPkXZHiUiktmu0k=", "message"=>"toto?", "commit"=>"post"}
  [1m[36mUser Load (0.4ms)[0m  [1mSELECT "users".* FROM "users" WHERE "users"."id" = 1 LIMIT 1[0m
Completed   in 57ms

NameError (uninitialized constant HomeController::Thing):
  app/controllers/home_controller.rb:6:in `send_message'

Rendered /Users/ericfavre/.rvm/gems/ruby-1.9.2-p180/gems/actionpack-3.0.5/lib/action_dispatch/middleware/templates/rescues/_trace.erb (1.0ms)
Rendered /Users/ericfavre/.rvm/gems/ruby-1.9.2-p180/gems/actionpack-3.0.5/lib/action_dispatch/middleware/templates/rescues/_request_and_response.erb (65.0ms)
Rendered /Users/ericfavre/.rvm/gems/ruby-1.9.2-p180/gems/actionpack-3.0.5/lib/action_dispatch/middleware/templates/rescues/diagnostics.erb within rescues/layout (70.1ms)


Started POST "/home/send_message" for 127.0.0.1 at 2012-01-10 18:23:47 +0100
  Processing by HomeController#send_message as JS
  Parameters: {"utf8"=>"✓", "authenticity_token"=>"lP3axu8eGMQBmrtQpwr9BDY4/hzghPkXZHiUiktmu0k=", "message"=>"toto?", "commit"=>"post"}
  [1m[35mUser Load (0.5ms)[0m  SELECT "users".* FROM "users" WHERE "users"."id" = 1 LIMIT 1
Completed 200 OK in 20ms


Started GET "/" for 127.0.0.1 at 2012-01-10 18:24:55 +0100
  Processing by HomeController#index as HTML
  [1m[36mUser Load (0.5ms)[0m  [1mSELECT "users".* FROM "users" WHERE "users"."id" = 1 LIMIT 1[0m
Rendered home/index.html.erb within layouts/application (2.2ms)
Completed 200 OK in 65ms (Views: 6.8ms | ActiveRecord: 0.5ms)


Started POST "/home/send_message" for 127.0.0.1 at 2012-01-10 18:24:59 +0100
  Processing by HomeController#send_message as JS
  Parameters: {"utf8"=>"✓", "authenticity_token"=>"lP3axu8eGMQBmrtQpwr9BDY4/hzghPkXZHiUiktmu0k=", "message"=>"potepoeto", "commit"=>"post"}
  [1m[35mUser Load (0.4ms)[0m  SELECT "users".* FROM "users" WHERE "users"."id" = 1 LIMIT 1
Completed 200 OK in 20ms


Started GET "/" for 127.0.0.1 at 2012-01-10 18:30:16 +0100
  Processing by HomeController#index as HTML
Completed   in 1ms


Started GET "/users/sign_in" for 127.0.0.1 at 2012-01-10 18:30:16 +0100
  Processing by Devise::SessionsController#new as HTML
Rendered /Users/ericfavre/.rvm/gems/ruby-1.9.2-p180/gems/devise-1.2.1/app/views/devise/shared/_links.erb (1.5ms)
Rendered /Users/ericfavre/.rvm/gems/ruby-1.9.2-p180/gems/devise-1.2.1/app/views/devise/sessions/new.html.erb within layouts/application (8.1ms)
Completed 200 OK in 63ms (Views: 13.5ms | ActiveRecord: 0.0ms)


Started POST "/users/sign_in" for 127.0.0.1 at 2012-01-10 18:30:23 +0100
  Processing by Devise::SessionsController#create as HTML
  Parameters: {"utf8"=>"✓", "authenticity_token"=>"65BGya8ql5l/fNBgrX/vooQAzM53t1rREdzFii5jHQE=", "user"=>{"email"=>"efavre@octo.com", "password"=>"[FILTERED]", "remember_me"=>"0"}, "commit"=>"Sign in"}
  [1m[36mSQL (0.4ms)[0m  [1m SELECT name
 FROM sqlite_master
 WHERE type = 'table' AND NOT name = 'sqlite_sequence'
[0m
  [1m[35mUser Load (0.6ms)[0m  SELECT "users".* FROM "users" WHERE "users"."email" = 'efavre@octo.com' LIMIT 1
  [1m[36mAREL (0.7ms)[0m  [1mUPDATE "users" SET "current_sign_in_at" = '2012-01-10 17:30:24.225676', "sign_in_count" = 2, "updated_at" = '2012-01-10 17:30:24.226300' WHERE "users"."id" = 1[0m
Redirected to http://localhost:3000/
Completed 302 Found in 308ms


Started GET "/" for 127.0.0.1 at 2012-01-10 18:30:24 +0100
  Processing by HomeController#index as HTML
  [1m[35mUser Load (0.7ms)[0m  SELECT "users".* FROM "users" WHERE "users"."id" = 1 LIMIT 1
Rendered home/index.html.erb within layouts/application (2.2ms)
Completed 200 OK in 32ms (Views: 6.5ms | ActiveRecord: 0.7ms)


Started GET "/" for 127.0.0.1 at 2012-01-10 18:30:33 +0100
  Processing by HomeController#index as HTML
  [1m[36mUser Load (0.5ms)[0m  [1mSELECT "users".* FROM "users" WHERE "users"."id" = 1 LIMIT 1[0m
Rendered home/index.html.erb within layouts/application (2.4ms)
Completed 200 OK in 59ms (Views: 7.2ms | ActiveRecord: 0.5ms)


Started POST "/home/send_message" for 127.0.0.1 at 2012-01-10 18:30:37 +0100
  Processing by HomeController#send_message as JS
  Parameters: {"utf8"=>"✓", "authenticity_token"=>"65BGya8ql5l/fNBgrX/vooQAzM53t1rREdzFii5jHQE=", "message"=>"test", "commit"=>"post"}
  [1m[35mUser Load (0.4ms)[0m  SELECT "users".* FROM "users" WHERE "users"."id" = 1 LIMIT 1
Completed 200 OK in 56ms


Started POST "/home/send_message" for 127.0.0.1 at 2012-01-10 18:30:48 +0100
  Processing by HomeController#send_message as JS
  Parameters: {"utf8"=>"✓", "authenticity_token"=>"lP3axu8eGMQBmrtQpwr9BDY4/hzghPkXZHiUiktmu0k=", "message"=>"pooopp", "commit"=>"post"}
  [1m[36mUser Load (0.4ms)[0m  [1mSELECT "users".* FROM "users" WHERE "users"."id" = 1 LIMIT 1[0m
Completed 200 OK in 20ms


Started POST "/home/send_message" for 127.0.0.1 at 2012-01-10 18:31:16 +0100
  Processing by HomeController#send_message as JS
  Parameters: {"utf8"=>"✓", "authenticity_token"=>"lP3axu8eGMQBmrtQpwr9BDY4/hzghPkXZHiUiktmu0k=", "message"=>"pooopp", "commit"=>"post"}
  [1m[35mUser Load (0.4ms)[0m  SELECT "users".* FROM "users" WHERE "users"."id" = 1 LIMIT 1
Completed   in 63ms

ActionView::MissingTemplate (Missing template home/send_message with {:handlers=>[:erb, :rjs, :builder, :rhtml, :rxml], :formats=>[:js, "application/ecmascript", "application/x-ecmascript", "*/*"], :locale=>[:en, :en]} in view paths "/Users/ericfavre/workspace/ruby/pusher-chat/app/views", "/Users/ericfavre/.rvm/gems/ruby-1.9.2-p180/gems/devise-1.2.1/app/views"):
  

Rendered /Users/ericfavre/.rvm/gems/ruby-1.9.2-p180/gems/actionpack-3.0.5/lib/action_dispatch/middleware/templates/rescues/missing_template.erb within rescues/layout (0.8ms)


Started POST "/home/send_message" for 127.0.0.1 at 2012-01-10 18:31:31 +0100
  Processing by HomeController#send_message as JS
  Parameters: {"utf8"=>"✓", "authenticity_token"=>"lP3axu8eGMQBmrtQpwr9BDY4/hzghPkXZHiUiktmu0k=", "message"=>"pooopp", "commit"=>"post"}
  [1m[36mUser Load (0.4ms)[0m  [1mSELECT "users".* FROM "users" WHERE "users"."id" = 1 LIMIT 1[0m
Completed 200 OK in 370ms


Started POST "/home/send_message" for 127.0.0.1 at 2012-01-10 18:31:55 +0100
  Processing by HomeController#send_message as JS
  Parameters: {"utf8"=>"✓", "authenticity_token"=>"lP3axu8eGMQBmrtQpwr9BDY4/hzghPkXZHiUiktmu0k=", "message"=>"pooopp", "commit"=>"post"}
  [1m[35mUser Load (0.4ms)[0m  SELECT "users".* FROM "users" WHERE "users"."id" = 1 LIMIT 1
Completed 200 OK in 320ms


Started POST "/home/send_message" for 127.0.0.1 at 2012-01-10 18:31:59 +0100
  Processing by HomeController#send_message as JS
  Parameters: {"utf8"=>"✓", "authenticity_token"=>"65BGya8ql5l/fNBgrX/vooQAzM53t1rREdzFii5jHQE=", "message"=>"test", "commit"=>"post"}
  [1m[36mUser Load (0.8ms)[0m  [1mSELECT "users".* FROM "users" WHERE "users"."id" = 1 LIMIT 1[0m
Completed 200 OK in 279ms


Started GET "/" for 127.0.0.1 at 2012-01-10 18:36:51 +0100
  Processing by HomeController#index as HTML
  [1m[35mUser Load (0.5ms)[0m  SELECT "users".* FROM "users" WHERE "users"."id" = 1 LIMIT 1
Rendered home/index.html.erb within layouts/application (2.2ms)
Completed 200 OK in 28ms (Views: 6.8ms | ActiveRecord: 0.5ms)


Started POST "/home/send_message" for 127.0.0.1 at 2012-01-10 18:36:54 +0100
  Processing by HomeController#send_message as JS
  Parameters: {"utf8"=>"✓", "authenticity_token"=>"lP3axu8eGMQBmrtQpwr9BDY4/hzghPkXZHiUiktmu0k=", "message"=>"dsfmlfk", "commit"=>"post"}
  [1m[36mUser Load (0.5ms)[0m  [1mSELECT "users".* FROM "users" WHERE "users"."id" = 1 LIMIT 1[0m
Completed 200 OK in 403ms


Started POST "/home/send_message" for 127.0.0.1 at 2012-01-10 18:36:57 +0100
  Processing by HomeController#send_message as JS
  Parameters: {"utf8"=>"✓", "authenticity_token"=>"lP3axu8eGMQBmrtQpwr9BDY4/hzghPkXZHiUiktmu0k=", "message"=>"mlfdsdml", "commit"=>"post"}
  [1m[35mUser Load (0.4ms)[0m  SELECT "users".* FROM "users" WHERE "users"."id" = 1 LIMIT 1
Completed 200 OK in 278ms


Started GET "/" for 127.0.0.1 at 2012-01-10 23:34:19 +0100
  Processing by HomeController#index as HTML
  [1m[36mUser Load (0.5ms)[0m  [1mSELECT "users".* FROM "users" WHERE "users"."id" = 1 LIMIT 1[0m
Rendered home/index.html.erb within layouts/application (2.2ms)
Completed 200 OK in 27ms (Views: 6.5ms | ActiveRecord: 0.5ms)


Started GET "/" for 127.0.0.1 at 2012-01-10 23:34:49 +0100
  Processing by HomeController#index as HTML
  [1m[35mUser Load (0.4ms)[0m  SELECT "users".* FROM "users" WHERE "users"."id" = 1 LIMIT 1
Rendered home/index.html.erb within layouts/application (2.2ms)
Completed 200 OK in 27ms (Views: 6.5ms | ActiveRecord: 0.4ms)


Started GET "/" for 127.0.0.1 at 2012-01-10 23:35:35 +0100
  Processing by HomeController#index as HTML
  [1m[36mUser Load (33.8ms)[0m  [1mSELECT "users".* FROM "users" WHERE "users"."id" = 1 LIMIT 1[0m
Rendered home/index.html.erb within layouts/application (2.4ms)
Completed 200 OK in 62ms (Views: 7.1ms | ActiveRecord: 33.8ms)


Started POST "/pusher/auth" for 127.0.0.1 at 2012-01-10 23:35:36 +0100

ActionController::RoutingError (No route matches "/pusher/auth"):
  

Rendered /Users/ericfavre/.rvm/gems/ruby-1.9.2-p180/gems/actionpack-3.0.5/lib/action_dispatch/middleware/templates/rescues/routing_error.erb within rescues/layout (0.8ms)


Started GET "/" for 127.0.0.1 at 2012-01-10 23:39:49 +0100
  Processing by HomeController#index as HTML
  [1m[35mUser Load (0.5ms)[0m  SELECT "users".* FROM "users" WHERE "users"."id" = 1 LIMIT 1
Rendered home/index.html.erb within layouts/application (2.6ms)
Completed 200 OK in 57ms (Views: 7.1ms | ActiveRecord: 0.5ms)


Started POST "/home/authenticate" for 127.0.0.1 at 2012-01-10 23:39:50 +0100

AbstractController::ActionNotFound (The action 'authenticate' could not be found for HomeController):
  

Rendered /Users/ericfavre/.rvm/gems/ruby-1.9.2-p180/gems/actionpack-3.0.5/lib/action_dispatch/middleware/templates/rescues/unknown_action.erb within rescues/layout (0.7ms)


Started GET "/" for 127.0.0.1 at 2012-01-10 23:40:12 +0100
  Processing by HomeController#index as HTML
  [1m[36mUser Load (0.6ms)[0m  [1mSELECT "users".* FROM "users" WHERE "users"."id" = 1 LIMIT 1[0m
Rendered home/index.html.erb within layouts/application (2.4ms)
Completed 200 OK in 65ms (Views: 7.2ms | ActiveRecord: 0.6ms)


Started POST "/home/authenticate" for 127.0.0.1 at 2012-01-10 23:40:14 +0100
  Processing by HomeController#authenticate as 
  Parameters: {"socket_id"=>"2635.506099", "channel_name"=>"presence-instant-messaging-channel"}
  [1m[35mUser Load (0.4ms)[0m  SELECT "users".* FROM "users" WHERE "users"."id" = 1 LIMIT 1
Completed   in 26ms


Started GET "/users/sign_in?format=%2A%2F%2A" for 127.0.0.1 at 2012-01-10 23:40:14 +0100
  Processing by Devise::SessionsController#new as 
Rendered /Users/ericfavre/.rvm/gems/ruby-1.9.2-p180/gems/devise-1.2.1/app/views/devise/shared/_links.erb (1.8ms)
Rendered /Users/ericfavre/.rvm/gems/ruby-1.9.2-p180/gems/devise-1.2.1/app/views/devise/sessions/new.html.erb within layouts/application (27.3ms)
Completed 200 OK in 62ms (Views: 45.1ms | ActiveRecord: 0.4ms)


Started GET "/" for 127.0.0.1 at 2012-01-10 23:44:11 +0100
  Processing by HomeController#index as HTML
Completed   in 6ms


Started GET "/users/sign_in" for 127.0.0.1 at 2012-01-10 23:44:11 +0100
  Processing by Devise::SessionsController#new as HTML
Rendered /Users/ericfavre/.rvm/gems/ruby-1.9.2-p180/gems/devise-1.2.1/app/views/devise/shared/_links.erb (1.7ms)
Rendered /Users/ericfavre/.rvm/gems/ruby-1.9.2-p180/gems/devise-1.2.1/app/views/devise/sessions/new.html.erb within layouts/application (8.1ms)
Completed 200 OK in 33ms (Views: 13.2ms | ActiveRecord: 0.0ms)


Started POST "/users/sign_in" for 127.0.0.1 at 2012-01-10 23:44:21 +0100
  Processing by Devise::SessionsController#create as HTML
  Parameters: {"utf8"=>"✓", "authenticity_token"=>"F3/bNt+0VC4ozDvxJTdd2YCH3I9pAQsVnUO/QjizR68=", "user"=>{"email"=>"efavre@octo.com", "password"=>"[FILTERED]", "remember_me"=>"0"}, "commit"=>"Sign in"}
  [1m[36mUser Load (0.5ms)[0m  [1mSELECT "users".* FROM "users" WHERE "users"."email" = 'efavre@octo.com' LIMIT 1[0m
  [1m[35mAREL (0.4ms)[0m  UPDATE "users" SET "last_sign_in_at" = '2012-01-10 17:30:24.225676', "current_sign_in_at" = '2012-01-10 22:44:21.532995', "sign_in_count" = 3, "updated_at" = '2012-01-10 22:44:21.533552' WHERE "users"."id" = 1
Redirected to http://localhost:3000/
Completed 302 Found in 145ms


Started GET "/" for 127.0.0.1 at 2012-01-10 23:44:21 +0100
  Processing by HomeController#index as HTML
  [1m[36mUser Load (0.5ms)[0m  [1mSELECT "users".* FROM "users" WHERE "users"."id" = 1 LIMIT 1[0m
Rendered home/index.html.erb within layouts/application (2.6ms)
Completed 200 OK in 31ms (Views: 7.5ms | ActiveRecord: 0.5ms)


Started POST "/home/authenticate" for 127.0.0.1 at 2012-01-10 23:44:22 +0100
  Processing by HomeController#authenticate as 
  Parameters: {"socket_id"=>"2635.506989", "channel_name"=>"presence-instant-messaging-channel"}
  [1m[35mUser Load (0.5ms)[0m  SELECT "users".* FROM "users" WHERE "users"."id" = 1 LIMIT 1
Completed   in 55ms


Started GET "/users/sign_in?format=%2A%2F%2A" for 127.0.0.1 at 2012-01-10 23:44:22 +0100
  Processing by Devise::SessionsController#new as 
Rendered /Users/ericfavre/.rvm/gems/ruby-1.9.2-p180/gems/devise-1.2.1/app/views/devise/shared/_links.erb (1.4ms)
Rendered /Users/ericfavre/.rvm/gems/ruby-1.9.2-p180/gems/devise-1.2.1/app/views/devise/sessions/new.html.erb within layouts/application (7.1ms)
Completed 200 OK in 80ms (Views: 57.1ms | ActiveRecord: 0.5ms)


Started GET "/" for 127.0.0.1 at 2012-01-10 23:44:28 +0100
  Processing by HomeController#index as HTML
Completed   in 8ms


Started GET "/users/sign_in" for 127.0.0.1 at 2012-01-10 23:44:28 +0100
  Processing by Devise::SessionsController#new as HTML
Rendered /Users/ericfavre/.rvm/gems/ruby-1.9.2-p180/gems/devise-1.2.1/app/views/devise/shared/_links.erb (1.5ms)
Rendered /Users/ericfavre/.rvm/gems/ruby-1.9.2-p180/gems/devise-1.2.1/app/views/devise/sessions/new.html.erb within layouts/application (8.1ms)
Completed 200 OK in 33ms (Views: 13.5ms | ActiveRecord: 0.0ms)


Started GET "/users/sign_in" for 127.0.0.1 at 2012-01-10 23:45:12 +0100
  Processing by Devise::SessionsController#new as HTML
Rendered /Users/ericfavre/.rvm/gems/ruby-1.9.2-p180/gems/devise-1.2.1/app/views/devise/shared/_links.erb (1.7ms)
Rendered /Users/ericfavre/.rvm/gems/ruby-1.9.2-p180/gems/devise-1.2.1/app/views/devise/sessions/new.html.erb within layouts/application (9.4ms)
Completed 200 OK in 33ms (Views: 14.9ms | ActiveRecord: 0.0ms)


Started POST "/users/sign_in" for 127.0.0.1 at 2012-01-10 23:45:19 +0100
  Processing by Devise::SessionsController#create as HTML
  Parameters: {"utf8"=>"✓", "authenticity_token"=>"1iApxvnBMrLDwcFkWXRHrcCbiVnW2hIxXs1OhLitTgw=", "user"=>{"email"=>"efavre@octo.com", "password"=>"[FILTERED]", "remember_me"=>"0"}, "commit"=>"Sign in"}
  [1m[36mUser Load (0.6ms)[0m  [1mSELECT "users".* FROM "users" WHERE "users"."email" = 'efavre@octo.com' LIMIT 1[0m
Completed   in 99ms
  Processing by Devise::SessionsController#new as HTML
  Parameters: {"utf8"=>"✓", "authenticity_token"=>"1iApxvnBMrLDwcFkWXRHrcCbiVnW2hIxXs1OhLitTgw=", "user"=>{"email"=>"efavre@octo.com", "password"=>"[FILTERED]", "remember_me"=>"0"}, "commit"=>"Sign in"}
Rendered /Users/ericfavre/.rvm/gems/ruby-1.9.2-p180/gems/devise-1.2.1/app/views/devise/shared/_links.erb (1.5ms)
Rendered /Users/ericfavre/.rvm/gems/ruby-1.9.2-p180/gems/devise-1.2.1/app/views/devise/sessions/new.html.erb within layouts/application (7.5ms)
Completed 200 OK in 93ms (Views: 12.8ms | ActiveRecord: 0.6ms)


Started POST "/users/sign_in" for 127.0.0.1 at 2012-01-10 23:45:25 +0100
  Processing by Devise::SessionsController#create as HTML
  Parameters: {"utf8"=>"✓", "authenticity_token"=>"1iApxvnBMrLDwcFkWXRHrcCbiVnW2hIxXs1OhLitTgw=", "user"=>{"email"=>"efavre@octo.com", "password"=>"[FILTERED]", "remember_me"=>"0"}, "commit"=>"Sign in"}
  [1m[35mUser Load (0.5ms)[0m  SELECT "users".* FROM "users" WHERE "users"."email" = 'efavre@octo.com' LIMIT 1
  [1m[36mAREL (0.4ms)[0m  [1mUPDATE "users" SET "last_sign_in_at" = '2012-01-10 22:44:21.532995', "current_sign_in_at" = '2012-01-10 22:45:25.485290', "sign_in_count" = 4, "updated_at" = '2012-01-10 22:45:25.485832' WHERE "users"."id" = 1[0m
Redirected to http://localhost:3000/
Completed 302 Found in 152ms


Started GET "/" for 127.0.0.1 at 2012-01-10 23:45:25 +0100
  Processing by HomeController#index as HTML
  [1m[35mUser Load (0.5ms)[0m  SELECT "users".* FROM "users" WHERE "users"."id" = 1 LIMIT 1
Rendered home/index.html.erb within layouts/application (2.3ms)
Completed 200 OK in 31ms (Views: 7.2ms | ActiveRecord: 0.5ms)


Started POST "/home/authenticate" for 127.0.0.1 at 2012-01-10 23:45:25 +0100
  Processing by HomeController#authenticate as 
  Parameters: {"socket_id"=>"2616.776490", "channel_name"=>"presence-instant-messaging-channel"}
  [1m[36mUser Load (0.4ms)[0m  [1mSELECT "users".* FROM "users" WHERE "users"."id" = 1 LIMIT 1[0m
Completed   in 55ms


Started GET "/users/sign_in?format=%2A%2F%2A" for 127.0.0.1 at 2012-01-10 23:45:26 +0100
  Processing by Devise::SessionsController#new as 
Rendered /Users/ericfavre/.rvm/gems/ruby-1.9.2-p180/gems/devise-1.2.1/app/views/devise/shared/_links.erb (1.8ms)
Rendered /Users/ericfavre/.rvm/gems/ruby-1.9.2-p180/gems/devise-1.2.1/app/views/devise/sessions/new.html.erb within layouts/application (7.9ms)
Completed 200 OK in 42ms (Views: 23.7ms | ActiveRecord: 0.4ms)


Started POST "/home/send_message" for 127.0.0.1 at 2012-01-10 23:45:32 +0100
  Processing by HomeController#send_message as JS
  Parameters: {"utf8"=>"✓", "authenticity_token"=>"1iApxvnBMrLDwcFkWXRHrcCbiVnW2hIxXs1OhLitTgw=", "message"=>"zer", "commit"=>"Envoyer"}
Completed   in 6ms


Started POST "/home/send_message" for 127.0.0.1 at 2012-01-10 23:45:33 +0100
  Processing by HomeController#send_message as JS
  Parameters: {"utf8"=>"✓", "authenticity_token"=>"1iApxvnBMrLDwcFkWXRHrcCbiVnW2hIxXs1OhLitTgw=", "message"=>"zer", "commit"=>"Envoyer"}
Completed   in 8ms


Started GET "/" for 127.0.0.1 at 2012-01-10 23:48:23 +0100
  Processing by HomeController#index as HTML
Completed   in 1ms


Started GET "/users/sign_in" for 127.0.0.1 at 2012-01-10 23:48:23 +0100
  Processing by Devise::SessionsController#new as HTML
Rendered /Users/ericfavre/.rvm/gems/ruby-1.9.2-p180/gems/devise-1.2.1/app/views/devise/shared/_links.erb (2.6ms)
Rendered /Users/ericfavre/.rvm/gems/ruby-1.9.2-p180/gems/devise-1.2.1/app/views/devise/sessions/new.html.erb within layouts/application (11.8ms)
Completed 200 OK in 43ms (Views: 18.4ms | ActiveRecord: 0.0ms)


Started POST "/users/sign_in" for 127.0.0.1 at 2012-01-10 23:48:31 +0100
  Processing by Devise::SessionsController#create as HTML
  Parameters: {"utf8"=>"✓", "authenticity_token"=>"P98h4cG5rTqR6SBdWx1hdKW6y3teabz97gAz+AOBll8=", "user"=>{"email"=>"efavre@octo.com", "password"=>"[FILTERED]", "remember_me"=>"0"}, "commit"=>"Sign in"}
  [1m[36mSQL (0.5ms)[0m  [1m SELECT name
 FROM sqlite_master
 WHERE type = 'table' AND NOT name = 'sqlite_sequence'
[0m
  [1m[35mUser Load (0.7ms)[0m  SELECT "users".* FROM "users" WHERE "users"."email" = 'efavre@octo.com' LIMIT 1
  [1m[36mAREL (0.5ms)[0m  [1mUPDATE "users" SET "last_sign_in_at" = '2012-01-10 22:45:25.485290', "current_sign_in_at" = '2012-01-10 22:48:31.444704', "sign_in_count" = 5, "updated_at" = '2012-01-10 22:48:31.445684' WHERE "users"."id" = 1[0m
Redirected to http://localhost:3000/
Completed 302 Found in 329ms


Started GET "/" for 127.0.0.1 at 2012-01-10 23:48:31 +0100
  Processing by HomeController#index as HTML
  [1m[35mUser Load (0.6ms)[0m  SELECT "users".* FROM "users" WHERE "users"."id" = 1 LIMIT 1
Rendered home/index.html.erb within layouts/application (3.4ms)
Completed 200 OK in 81ms (Views: 8.8ms | ActiveRecord: 0.6ms)


Started POST "/home/authenticate" for 127.0.0.1 at 2012-01-10 23:48:32 +0100
  Processing by HomeController#authenticate as 
  Parameters: {"socket_id"=>"2605.777506", "channel_name"=>"presence-instant-messaging-channel"}
  [1m[36mUser Load (0.5ms)[0m  [1mSELECT "users".* FROM "users" WHERE "users"."id" = 1 LIMIT 1[0m
Completed 200 OK in 60ms (Views: 10.3ms | ActiveRecord: 0.5ms)


Started GET "/" for 127.0.0.1 at 2012-01-10 23:48:34 +0100
  Processing by HomeController#index as HTML
  [1m[35mUser Load (0.5ms)[0m  SELECT "users".* FROM "users" WHERE "users"."id" = 1 LIMIT 1
Rendered home/index.html.erb within layouts/application (3.2ms)
Completed 200 OK in 78ms (Views: 8.1ms | ActiveRecord: 0.5ms)


Started POST "/home/authenticate" for 127.0.0.1 at 2012-01-10 23:48:35 +0100
  Processing by HomeController#authenticate as 
  Parameters: {"socket_id"=>"2620.776039", "channel_name"=>"presence-instant-messaging-channel"}
  [1m[36mUser Load (43.0ms)[0m  [1mSELECT "users".* FROM "users" WHERE "users"."id" = 1 LIMIT 1[0m
Completed 200 OK in 79ms (Views: 9.4ms | ActiveRecord: 43.0ms)


Started GET "/" for 127.0.0.1 at 2012-01-10 23:48:36 +0100
  Processing by HomeController#index as HTML
  [1m[35mUser Load (0.6ms)[0m  SELECT "users".* FROM "users" WHERE "users"."id" = 1 LIMIT 1
Rendered home/index.html.erb within layouts/application (3.7ms)
Completed 200 OK in 36ms (Views: 8.9ms | ActiveRecord: 0.6ms)


Started POST "/home/authenticate" for 127.0.0.1 at 2012-01-10 23:48:36 +0100
  Processing by HomeController#authenticate as 
  Parameters: {"socket_id"=>"2620.776047", "channel_name"=>"presence-instant-messaging-channel"}
  [1m[36mUser Load (0.6ms)[0m  [1mSELECT "users".* FROM "users" WHERE "users"."id" = 1 LIMIT 1[0m
Completed 200 OK in 35ms (Views: 9.0ms | ActiveRecord: 0.6ms)


Started GET "/" for 127.0.0.1 at 2012-01-10 23:49:57 +0100
  Processing by HomeController#index as HTML
  [1m[35mUser Load (0.5ms)[0m  SELECT "users".* FROM "users" WHERE "users"."id" = 1 LIMIT 1
Rendered home/index.html.erb within layouts/application (3.6ms)
Completed 200 OK in 36ms (Views: 9.0ms | ActiveRecord: 0.5ms)


Started GET "/" for 127.0.0.1 at 2012-01-10 23:50:00 +0100
  Processing by HomeController#index as HTML
  [1m[36mUser Load (0.6ms)[0m  [1mSELECT "users".* FROM "users" WHERE "users"."id" = 1 LIMIT 1[0m
Rendered home/index.html.erb within layouts/application (4.1ms)
Completed 200 OK in 85ms (Views: 9.4ms | ActiveRecord: 0.6ms)


Started POST "/home/authenticate" for 127.0.0.1 at 2012-01-10 23:50:01 +0100
  Processing by HomeController#authenticate as 
  Parameters: {"socket_id"=>"2616.778122", "channel_name"=>"presence-instant-messaging-channel"}
  [1m[35mUser Load (0.5ms)[0m  SELECT "users".* FROM "users" WHERE "users"."id" = 1 LIMIT 1
Completed 200 OK in 35ms (Views: 8.6ms | ActiveRecord: 0.5ms)


Started GET "/" for 127.0.0.1 at 2012-01-10 23:50:20 +0100
  Processing by HomeController#index as HTML
  [1m[36mUser Load (0.6ms)[0m  [1mSELECT "users".* FROM "users" WHERE "users"."id" = 1 LIMIT 1[0m
Rendered home/index.html.erb within layouts/application (3.5ms)
Completed 200 OK in 35ms (Views: 9.3ms | ActiveRecord: 0.6ms)


Started POST "/home/authenticate" for 127.0.0.1 at 2012-01-10 23:50:20 +0100
  Processing by HomeController#authenticate as 
  Parameters: {"socket_id"=>"2634.507614", "channel_name"=>"presence-instant-messaging-channel"}
  [1m[35mUser Load (0.4ms)[0m  SELECT "users".* FROM "users" WHERE "users"."id" = 1 LIMIT 1
Completed 200 OK in 35ms (Views: 8.8ms | ActiveRecord: 0.4ms)


Started GET "/" for 127.0.0.1 at 2012-01-10 23:50:46 +0100
  Processing by HomeController#index as HTML
  [1m[36mUser Load (0.6ms)[0m  [1mSELECT "users".* FROM "users" WHERE "users"."id" = 1 LIMIT 1[0m
Rendered home/index.html.erb within layouts/application (3.7ms)
Completed 200 OK in 82ms (Views: 9.1ms | ActiveRecord: 0.6ms)


Started POST "/home/authenticate" for 127.0.0.1 at 2012-01-10 23:50:47 +0100
  Processing by HomeController#authenticate as 
  Parameters: {"socket_id"=>"2598.778726", "channel_name"=>"presence-instant-messaging-channel"}
  [1m[35mUser Load (0.5ms)[0m  SELECT "users".* FROM "users" WHERE "users"."id" = 1 LIMIT 1
Completed 200 OK in 35ms (Views: 8.8ms | ActiveRecord: 0.5ms)


Started GET "/" for 127.0.0.1 at 2012-01-10 23:51:28 +0100
  Processing by HomeController#index as HTML
  [1m[36mUser Load (0.6ms)[0m  [1mSELECT "users".* FROM "users" WHERE "users"."id" = 1 LIMIT 1[0m
Rendered home/index.html.erb within layouts/application (4.4ms)
Completed 200 OK in 38ms (Views: 9.6ms | ActiveRecord: 0.6ms)


Started POST "/home/authenticate" for 127.0.0.1 at 2012-01-10 23:51:29 +0100
  Processing by HomeController#authenticate as 
  Parameters: {"socket_id"=>"2623.777587", "channel_name"=>"presence-instant-messaging-channel"}
  [1m[35mUser Load (0.5ms)[0m  SELECT "users".* FROM "users" WHERE "users"."id" = 1 LIMIT 1
Completed 200 OK in 35ms (Views: 9.0ms | ActiveRecord: 0.5ms)


Started GET "/" for 127.0.0.1 at 2012-01-10 23:51:49 +0100
  Processing by HomeController#index as HTML
  [1m[36mUser Load (0.6ms)[0m  [1mSELECT "users".* FROM "users" WHERE "users"."id" = 1 LIMIT 1[0m
Rendered home/index.html.erb within layouts/application (4.6ms)
Completed 200 OK in 89ms (Views: 10.3ms | ActiveRecord: 0.6ms)


Started POST "/home/authenticate" for 127.0.0.1 at 2012-01-10 23:51:50 +0100
  Processing by HomeController#authenticate as 
  Parameters: {"socket_id"=>"2633.508365", "channel_name"=>"presence-instant-messaging-channel"}
  [1m[35mUser Load (0.5ms)[0m  SELECT "users".* FROM "users" WHERE "users"."id" = 1 LIMIT 1
Completed 200 OK in 36ms (Views: 8.9ms | ActiveRecord: 0.5ms)


Started GET "/" for 127.0.0.1 at 2012-01-10 23:52:04 +0100
  Processing by HomeController#index as HTML
  [1m[36mUser Load (0.5ms)[0m  [1mSELECT "users".* FROM "users" WHERE "users"."id" = 1 LIMIT 1[0m
Rendered home/index.html.erb within layouts/application (3.8ms)
Completed 200 OK in 34ms (Views: 8.8ms | ActiveRecord: 0.5ms)


Started POST "/home/authenticate" for 127.0.0.1 at 2012-01-10 23:52:04 +0100
  Processing by HomeController#authenticate as HTML
  Parameters: {"socket_id"=>"2632.508139", "channel_name"=>"presence-instant-messaging-channel"}
  [1m[35mUser Load (0.6ms)[0m  SELECT "users".* FROM "users" WHERE "users"."id" = 1 LIMIT 1
Completed 200 OK in 29ms (Views: 2.6ms | ActiveRecord: 0.6ms)


Started GET "/signout" for 127.0.0.1 at 2012-01-10 23:52:11 +0100

ActionController::RoutingError (No route matches "/signout"):
  

Rendered /Users/ericfavre/.rvm/gems/ruby-1.9.2-p180/gems/actionpack-3.0.5/lib/action_dispatch/middleware/templates/rescues/routing_error.erb within rescues/layout (1.3ms)


Started GET "/sign_out" for 127.0.0.1 at 2012-01-10 23:52:17 +0100

ActionController::RoutingError (No route matches "/sign_out"):
  

Rendered /Users/ericfavre/.rvm/gems/ruby-1.9.2-p180/gems/actionpack-3.0.5/lib/action_dispatch/middleware/templates/rescues/routing_error.erb within rescues/layout (1.3ms)


Started GET "/" for 127.0.0.1 at 2012-01-10 23:52:54 +0100
  Processing by HomeController#index as HTML
  [1m[36mUser Load (0.6ms)[0m  [1mSELECT "users".* FROM "users" WHERE "users"."id" = 1 LIMIT 1[0m
Rendered home/index.html.erb within layouts/application (4.3ms)
Completed 200 OK in 54ms (Views: 12.7ms | ActiveRecord: 0.6ms)


Started POST "/home/authenticate" for 127.0.0.1 at 2012-01-10 23:52:55 +0100
  Processing by HomeController#authenticate as HTML
  Parameters: {"socket_id"=>"2602.780477", "channel_name"=>"presence-instant-messaging-channel"}
  [1m[35mUser Load (0.6ms)[0m  SELECT "users".* FROM "users" WHERE "users"."id" = 1 LIMIT 1
Completed 200 OK in 82ms (Views: 2.9ms | ActiveRecord: 0.6ms)


Started GET "/" for 127.0.0.1 at 2012-01-10 23:53:45 +0100
  Processing by HomeController#index as HTML
  [1m[36mUser Load (0.6ms)[0m  [1mSELECT "users".* FROM "users" WHERE "users"."id" = 1 LIMIT 1[0m
Rendered home/index.html.erb within layouts/application (3.5ms)
Completed 200 OK in 82ms (Views: 9.1ms | ActiveRecord: 0.6ms)


Started POST "/home/authenticate" for 127.0.0.1 at 2012-01-10 23:53:46 +0100
  Processing by HomeController#authenticate as 
  Parameters: {"socket_id"=>"2599.780546", "channel_name"=>"presence-instant-messaging-channel"}
  [1m[35mUser Load (0.5ms)[0m  SELECT "users".* FROM "users" WHERE "users"."id" = 1 LIMIT 1
Completed 200 OK in 34ms (Views: 8.8ms | ActiveRecord: 0.5ms)


Started GET "/users/sign_out" for 127.0.0.1 at 2012-01-10 23:54:40 +0100
  Processing by Devise::SessionsController#destroy as HTML
  [1m[36mUser Load (0.5ms)[0m  [1mSELECT "users".* FROM "users" WHERE "users"."id" = 1 LIMIT 1[0m
Redirected to http://localhost:3000/
Completed 302 Found in 35ms


Started GET "/" for 127.0.0.1 at 2012-01-10 23:54:40 +0100
  Processing by HomeController#index as HTML
Completed   in 8ms


Started GET "/users/sign_in" for 127.0.0.1 at 2012-01-10 23:54:40 +0100
  Processing by Devise::SessionsController#new as HTML
Rendered /Users/ericfavre/.rvm/gems/ruby-1.9.2-p180/gems/devise-1.2.1/app/views/devise/shared/_links.erb (2.3ms)
Rendered /Users/ericfavre/.rvm/gems/ruby-1.9.2-p180/gems/devise-1.2.1/app/views/devise/sessions/new.html.erb within layouts/application (11.3ms)
Completed 200 OK in 36ms (Views: 16.6ms | ActiveRecord: 0.5ms)


Started GET "/users/sign_up" for 127.0.0.1 at 2012-01-10 23:54:44 +0100
  Processing by Devise::RegistrationsController#new as HTML
Rendered /Users/ericfavre/.rvm/gems/ruby-1.9.2-p180/gems/devise-1.2.1/app/views/devise/shared/_links.erb (2.6ms)
Rendered /Users/ericfavre/.rvm/gems/ruby-1.9.2-p180/gems/devise-1.2.1/app/views/devise/registrations/new.html.erb within layouts/application (20.9ms)
Completed 200 OK in 39ms (Views: 27.1ms | ActiveRecord: 0.0ms)


Started POST "/users" for 127.0.0.1 at 2012-01-10 23:55:15 +0100
  Processing by Devise::RegistrationsController#create as HTML
  Parameters: {"utf8"=>"✓", "authenticity_token"=>"UVc1jJrKqk3edfoxt1GJlvQn37MqyyZBkmv6iu1ApUQ=", "user"=>{"email"=>"ervafe@octo.com", "password"=>"[FILTERED]", "password_confirmation"=>"[FILTERED]"}, "commit"=>"Sign up"}
  [1m[35mAREL (0.5ms)[0m  INSERT INTO "users" ("email", "encrypted_password", "reset_password_token", "remember_created_at", "sign_in_count", "current_sign_in_at", "last_sign_in_at", "current_sign_in_ip", "last_sign_in_ip", "created_at", "updated_at") VALUES ('ervafe@octo.com', '$2a$10$pCCoKRygQxhrmq3AlY7Rz.R3Op6HCN03xzPqQXp6TLvbjYYukgkZ2', NULL, NULL, 0, NULL, NULL, NULL, NULL, '2012-01-10 22:55:15.763729', '2012-01-10 22:55:15.763729')
  [1m[36mAREL (0.4ms)[0m  [1mUPDATE "users" SET "last_sign_in_at" = '2012-01-10 22:55:15.776248', "current_sign_in_at" = '2012-01-10 22:55:15.776248', "last_sign_in_ip" = '127.0.0.1', "current_sign_in_ip" = '127.0.0.1', "sign_in_count" = 1, "updated_at" = '2012-01-10 22:55:15.776861' WHERE "users"."id" = 2[0m
Redirected to http://localhost:3000/
Completed 302 Found in 114ms


Started GET "/" for 127.0.0.1 at 2012-01-10 23:55:15 +0100
  Processing by HomeController#index as HTML
  [1m[35mUser Load (0.4ms)[0m  SELECT "users".* FROM "users" WHERE "users"."id" = 2 LIMIT 1
Rendered home/index.html.erb within layouts/application (3.0ms)
Completed 200 OK in 76ms (Views: 8.0ms | ActiveRecord: 1.3ms)


Started POST "/home/authenticate" for 127.0.0.1 at 2012-01-10 23:55:16 +0100
  Processing by HomeController#authenticate as HTML
  Parameters: {"socket_id"=>"2632.508771", "channel_name"=>"presence-instant-messaging-channel"}
  [1m[36mUser Load (0.6ms)[0m  [1mSELECT "users".* FROM "users" WHERE "users"."id" = 2 LIMIT 1[0m
Completed 200 OK in 71ms (Views: 2.5ms | ActiveRecord: 0.6ms)


Started POST "/home/send_message" for 127.0.0.1 at 2012-01-10 23:55:26 +0100
  Processing by HomeController#send_message as JS
  Parameters: {"utf8"=>"✓", "authenticity_token"=>"P98h4cG5rTqR6SBdWx1hdKW6y3teabz97gAz+AOBll8=", "message"=>"test", "commit"=>"Envoyer"}
  [1m[35mUser Load (0.5ms)[0m  SELECT "users".* FROM "users" WHERE "users"."id" = 1 LIMIT 1
Completed 200 OK in 874ms


Started POST "/home/send_message" for 127.0.0.1 at 2012-01-10 23:55:37 +0100
  Processing by HomeController#send_message as JS
  Parameters: {"utf8"=>"✓", "authenticity_token"=>"UVc1jJrKqk3edfoxt1GJlvQn37MqyyZBkmv6iu1ApUQ=", "message"=>"ok !!", "commit"=>"Envoyer"}
  [1m[36mUser Load (0.5ms)[0m  [1mSELECT "users".* FROM "users" WHERE "users"."id" = 2 LIMIT 1[0m
Completed 200 OK in 423ms


Started GET "/" for 127.0.0.1 at 2012-01-10 23:57:11 +0100
  Processing by HomeController#index as HTML
  [1m[35mUser Load (0.7ms)[0m  SELECT "users".* FROM "users" WHERE "users"."id" = 1 LIMIT 1
Rendered home/index.html.erb within layouts/application (3.8ms)
Completed 200 OK in 82ms (Views: 9.3ms | ActiveRecord: 0.7ms)


Started POST "/home/authenticate" for 127.0.0.1 at 2012-01-10 23:57:12 +0100
  Processing by HomeController#authenticate as 
  Parameters: {"socket_id"=>"2620.778960", "channel_name"=>"presence-instant-messaging-channel"}
  [1m[36mUser Load (0.5ms)[0m  [1mSELECT "users".* FROM "users" WHERE "users"."id" = 1 LIMIT 1[0m
Completed 200 OK in 34ms (Views: 9.2ms | ActiveRecord: 0.5ms)


Started GET "/" for 127.0.0.1 at 2012-01-10 23:57:23 +0100
  Processing by HomeController#index as HTML
  [1m[35mUser Load (0.4ms)[0m  SELECT "users".* FROM "users" WHERE "users"."id" = 2 LIMIT 1
Rendered home/index.html.erb within layouts/application (3.3ms)
Completed 200 OK in 33ms (Views: 8.2ms | ActiveRecord: 0.4ms)


Started POST "/home/authenticate" for 127.0.0.1 at 2012-01-10 23:57:23 +0100
  Processing by HomeController#authenticate as HTML
  Parameters: {"socket_id"=>"2603.780887", "channel_name"=>"presence-instant-messaging-channel"}
  [1m[36mUser Load (0.6ms)[0m  [1mSELECT "users".* FROM "users" WHERE "users"."id" = 2 LIMIT 1[0m
Completed 200 OK in 31ms (Views: 2.9ms | ActiveRecord: 0.6ms)


Started POST "/home/send_message" for 127.0.0.1 at 2012-01-10 23:57:28 +0100
  Processing by HomeController#send_message as JS
  Parameters: {"utf8"=>"✓", "authenticity_token"=>"UVc1jJrKqk3edfoxt1GJlvQn37MqyyZBkmv6iu1ApUQ=", "message"=>"test", "commit"=>"Envoyer"}
  [1m[35mUser Load (0.5ms)[0m  SELECT "users".* FROM "users" WHERE "users"."id" = 2 LIMIT 1
Completed 200 OK in 638ms


Started GET "/" for 127.0.0.1 at 2012-01-11 00:06:18 +0100
  Processing by HomeController#index as HTML
  [1m[36mUser Load (0.5ms)[0m  [1mSELECT "users".* FROM "users" WHERE "users"."id" = 1 LIMIT 1[0m
Rendered home/index.html.erb within layouts/application (3.2ms)
Completed 200 OK in 35ms (Views: 8.1ms | ActiveRecord: 0.5ms)


Started POST "/home/authenticate" for 127.0.0.1 at 2012-01-11 00:06:18 +0100
  Processing by HomeController#authenticate as 
  Parameters: {"socket_id"=>"2611.783670", "channel_name"=>"presence-instant-messaging-channel"}
  [1m[35mUser Load (0.5ms)[0m  SELECT "users".* FROM "users" WHERE "users"."id" = 1 LIMIT 1
Completed 200 OK in 34ms (Views: 8.6ms | ActiveRecord: 0.5ms)


Started GET "/" for 127.0.0.1 at 2012-01-11 00:06:30 +0100
  Processing by HomeController#index as HTML
  [1m[36mUser Load (44.5ms)[0m  [1mSELECT "users".* FROM "users" WHERE "users"."id" = 2 LIMIT 1[0m
Rendered home/index.html.erb within layouts/application (3.4ms)
Completed 200 OK in 81ms (Views: 8.8ms | ActiveRecord: 44.5ms)


Started POST "/home/authenticate" for 127.0.0.1 at 2012-01-11 00:06:30 +0100
  Processing by HomeController#authenticate as HTML
  Parameters: {"socket_id"=>"2617.782769", "channel_name"=>"presence-instant-messaging-channel"}
  [1m[35mUser Load (0.4ms)[0m  SELECT "users".* FROM "users" WHERE "users"."id" = 2 LIMIT 1
Completed 200 OK in 72ms (Views: 3.0ms | ActiveRecord: 0.4ms)


Started GET "/users/sign_out" for 127.0.0.1 at 2012-01-11 00:06:36 +0100
  Processing by Devise::SessionsController#destroy as HTML
  [1m[36mUser Load (0.6ms)[0m  [1mSELECT "users".* FROM "users" WHERE "users"."id" = 2 LIMIT 1[0m
Redirected to http://localhost:3000/
Completed 302 Found in 31ms


Started GET "/" for 127.0.0.1 at 2012-01-11 00:06:37 +0100
  Processing by HomeController#index as HTML
Completed   in 8ms


Started GET "/users/sign_in" for 127.0.0.1 at 2012-01-11 00:06:37 +0100
  Processing by Devise::SessionsController#new as HTML
Rendered /Users/ericfavre/.rvm/gems/ruby-1.9.2-p180/gems/devise-1.2.1/app/views/devise/shared/_links.erb (2.4ms)
Rendered /Users/ericfavre/.rvm/gems/ruby-1.9.2-p180/gems/devise-1.2.1/app/views/devise/sessions/new.html.erb within layouts/application (11.7ms)
Completed 200 OK in 38ms (Views: 17.4ms | ActiveRecord: 0.6ms)


Started GET "/users/sign_up" for 127.0.0.1 at 2012-01-11 00:06:38 +0100
  Processing by Devise::RegistrationsController#new as HTML
Rendered /Users/ericfavre/.rvm/gems/ruby-1.9.2-p180/gems/devise-1.2.1/app/views/devise/shared/_links.erb (2.4ms)
Rendered /Users/ericfavre/.rvm/gems/ruby-1.9.2-p180/gems/devise-1.2.1/app/views/devise/registrations/new.html.erb within layouts/application (21.2ms)
Completed 200 OK in 40ms (Views: 27.3ms | ActiveRecord: 0.0ms)


Started POST "/users" for 127.0.0.1 at 2012-01-11 00:08:09 +0100
  Processing by Devise::RegistrationsController#create as HTML
  Parameters: {"utf8"=>"✓", "authenticity_token"=>"uhfXSMDbOFevHYx3uoI2d5SHsn9vnP0BrPvEHWsoP/Y=", "user"=>{"email"=>"bill.gates@apple.me", "password"=>"[FILTERED]", "password_confirmation"=>"[FILTERED]"}, "commit"=>"Sign up"}
  [1m[35mAREL (0.5ms)[0m  INSERT INTO "users" ("email", "encrypted_password", "reset_password_token", "remember_created_at", "sign_in_count", "current_sign_in_at", "last_sign_in_at", "current_sign_in_ip", "last_sign_in_ip", "created_at", "updated_at") VALUES ('bill.gates@apple.me', '$2a$10$ilf7lYdc9r0RHt8G5/9XpuHud/s18mVcgckzSwKv33u1CPx8VYfXq', NULL, NULL, 0, NULL, NULL, NULL, NULL, '2012-01-10 23:08:09.652011', '2012-01-10 23:08:09.652011')
  [1m[36mAREL (0.3ms)[0m  [1mUPDATE "users" SET "last_sign_in_at" = '2012-01-10 23:08:09.664779', "current_sign_in_at" = '2012-01-10 23:08:09.664779', "last_sign_in_ip" = '127.0.0.1', "current_sign_in_ip" = '127.0.0.1', "sign_in_count" = 1, "updated_at" = '2012-01-10 23:08:09.665264' WHERE "users"."id" = 3[0m
Redirected to http://localhost:3000/
Completed 302 Found in 114ms


Started GET "/" for 127.0.0.1 at 2012-01-11 00:08:09 +0100
  Processing by HomeController#index as HTML
  [1m[35mUser Load (0.5ms)[0m  SELECT "users".* FROM "users" WHERE "users"."id" = 3 LIMIT 1
Rendered home/index.html.erb within layouts/application (3.0ms)
Completed 200 OK in 33ms (Views: 7.9ms | ActiveRecord: 1.2ms)


Started POST "/home/authenticate" for 127.0.0.1 at 2012-01-11 00:08:10 +0100
  Processing by HomeController#authenticate as HTML
  Parameters: {"socket_id"=>"2605.783993", "channel_name"=>"presence-instant-messaging-channel"}
  [1m[36mUser Load (0.6ms)[0m  [1mSELECT "users".* FROM "users" WHERE "users"."id" = 3 LIMIT 1[0m
Completed 200 OK in 74ms (Views: 2.8ms | ActiveRecord: 0.6ms)


Started GET "/users/sign_out" for 127.0.0.1 at 2012-01-11 00:08:26 +0100
  Processing by Devise::SessionsController#destroy as HTML
  [1m[35mUser Load (0.5ms)[0m  SELECT "users".* FROM "users" WHERE "users"."id" = 1 LIMIT 1
Redirected to http://localhost:3000/
Completed 302 Found in 76ms


Started GET "/" for 127.0.0.1 at 2012-01-11 00:08:26 +0100
  Processing by HomeController#index as HTML
Completed   in 9ms


Started GET "/users/sign_in" for 127.0.0.1 at 2012-01-11 00:08:26 +0100
  Processing by Devise::SessionsController#new as HTML
Rendered /Users/ericfavre/.rvm/gems/ruby-1.9.2-p180/gems/devise-1.2.1/app/views/devise/shared/_links.erb (2.5ms)
Rendered /Users/ericfavre/.rvm/gems/ruby-1.9.2-p180/gems/devise-1.2.1/app/views/devise/sessions/new.html.erb within layouts/application (60.0ms)
Completed 200 OK in 91ms (Views: 66.4ms | ActiveRecord: 0.5ms)


Started GET "/users/sign_up" for 127.0.0.1 at 2012-01-11 00:08:29 +0100
  Processing by Devise::RegistrationsController#new as HTML
Rendered /Users/ericfavre/.rvm/gems/ruby-1.9.2-p180/gems/devise-1.2.1/app/views/devise/shared/_links.erb (2.4ms)
Rendered /Users/ericfavre/.rvm/gems/ruby-1.9.2-p180/gems/devise-1.2.1/app/views/devise/registrations/new.html.erb within layouts/application (21.6ms)
Completed 200 OK in 39ms (Views: 27.2ms | ActiveRecord: 0.0ms)


Started POST "/users" for 127.0.0.1 at 2012-01-11 00:08:48 +0100
  Processing by Devise::RegistrationsController#create as HTML
  Parameters: {"utf8"=>"✓", "authenticity_token"=>"7cxIg09+58nYfgdU8+q2brOKu9R3dSSgf+NaXtohvpY=", "user"=>{"email"=>"steve.jobs@gmail.com", "password"=>"[FILTERED]", "password_confirmation"=>"[FILTERED]"}, "commit"=>"Sign up"}
  [1m[36mAREL (0.7ms)[0m  [1mINSERT INTO "users" ("email", "encrypted_password", "reset_password_token", "remember_created_at", "sign_in_count", "current_sign_in_at", "last_sign_in_at", "current_sign_in_ip", "last_sign_in_ip", "created_at", "updated_at") VALUES ('steve.jobs@gmail.com', '$2a$10$qGFmCdgQmwaJCKPCWtDXVudTLc1ltFir21B1zMvFdUvnCj2kZ7wiu', NULL, NULL, 0, NULL, NULL, NULL, NULL, '2012-01-10 23:08:48.405765', '2012-01-10 23:08:48.405765')[0m
  [1m[35mAREL (0.4ms)[0m  UPDATE "users" SET "last_sign_in_at" = '2012-01-10 23:08:48.419821', "current_sign_in_at" = '2012-01-10 23:08:48.419821', "last_sign_in_ip" = '127.0.0.1', "current_sign_in_ip" = '127.0.0.1', "sign_in_count" = 1, "updated_at" = '2012-01-10 23:08:48.420411' WHERE "users"."id" = 4
Redirected to http://localhost:3000/
Completed 302 Found in 118ms


Started GET "/" for 127.0.0.1 at 2012-01-11 00:08:48 +0100
  Processing by HomeController#index as HTML
  [1m[36mUser Load (0.6ms)[0m  [1mSELECT "users".* FROM "users" WHERE "users"."id" = 4 LIMIT 1[0m
Rendered home/index.html.erb within layouts/application (3.6ms)
Completed 200 OK in 83ms (Views: 10.7ms | ActiveRecord: 1.7ms)


Started POST "/home/authenticate" for 127.0.0.1 at 2012-01-11 00:08:49 +0100
  Processing by HomeController#authenticate as 
  Parameters: {"socket_id"=>"2606.784487", "channel_name"=>"presence-instant-messaging-channel"}
  [1m[35mUser Load (0.5ms)[0m  SELECT "users".* FROM "users" WHERE "users"."id" = 4 LIMIT 1
Completed 200 OK in 45ms (Views: 12.2ms | ActiveRecord: 0.5ms)


Started GET "/" for 127.0.0.1 at 2012-01-11 00:09:48 +0100
  Processing by HomeController#index as HTML
Completed   in 11ms


Started GET "/users/sign_in" for 127.0.0.1 at 2012-01-11 00:09:49 +0100
  Processing by Devise::SessionsController#new as HTML
Rendered /Users/ericfavre/.rvm/gems/ruby-1.9.2-p180/gems/devise-1.2.1/app/views/devise/shared/_links.erb (2.5ms)
Rendered /Users/ericfavre/.rvm/gems/ruby-1.9.2-p180/gems/devise-1.2.1/app/views/devise/sessions/new.html.erb within layouts/application (12.3ms)
Completed 200 OK in 46ms (Views: 18.7ms | ActiveRecord: 0.0ms)


Started GET "/users/sign_up" for 127.0.0.1 at 2012-01-11 00:10:03 +0100
  Processing by Devise::RegistrationsController#new as HTML
Rendered /Users/ericfavre/.rvm/gems/ruby-1.9.2-p180/gems/devise-1.2.1/app/views/devise/shared/_links.erb (2.3ms)
Rendered /Users/ericfavre/.rvm/gems/ruby-1.9.2-p180/gems/devise-1.2.1/app/views/devise/registrations/new.html.erb within layouts/application (19.6ms)
Completed 200 OK in 37ms (Views: 25.2ms | ActiveRecord: 0.0ms)


Started POST "/users" for 127.0.0.1 at 2012-01-11 00:10:17 +0100
  Processing by Devise::RegistrationsController#create as HTML
  Parameters: {"utf8"=>"✓", "authenticity_token"=>"HhdyJaCDwi/qgk7UJ7GO03u6NF8ehpcIF7a/2Rlu+J0=", "user"=>{"email"=>"larry.page@hotmail.com", "password"=>"[FILTERED]", "password_confirmation"=>"[FILTERED]"}, "commit"=>"Sign up"}
  [1m[36mAREL (0.5ms)[0m  [1mINSERT INTO "users" ("email", "encrypted_password", "reset_password_token", "remember_created_at", "sign_in_count", "current_sign_in_at", "last_sign_in_at", "current_sign_in_ip", "last_sign_in_ip", "created_at", "updated_at") VALUES ('larry.page@hotmail.com', '$2a$10$cua7yweOrm3he2jPNTkWYuU6C5Nu7lw2NQYwACCcOzD0dNaxOPkqu', NULL, NULL, 0, NULL, NULL, NULL, NULL, '2012-01-10 23:10:17.762860', '2012-01-10 23:10:17.762860')[0m
  [1m[35mAREL (0.3ms)[0m  UPDATE "users" SET "last_sign_in_at" = '2012-01-10 23:10:17.775416', "current_sign_in_at" = '2012-01-10 23:10:17.775416', "last_sign_in_ip" = '127.0.0.1', "current_sign_in_ip" = '127.0.0.1', "sign_in_count" = 1, "updated_at" = '2012-01-10 23:10:17.775897' WHERE "users"."id" = 5
Redirected to http://localhost:3000/
Completed 302 Found in 115ms


Started GET "/" for 127.0.0.1 at 2012-01-11 00:10:17 +0100
  Processing by HomeController#index as HTML
  [1m[36mUser Load (0.5ms)[0m  [1mSELECT "users".* FROM "users" WHERE "users"."id" = 5 LIMIT 1[0m
Rendered home/index.html.erb within layouts/application (3.2ms)
Completed 200 OK in 74ms (Views: 8.0ms | ActiveRecord: 1.3ms)


Started POST "/home/authenticate" for 127.0.0.1 at 2012-01-11 00:10:18 +0100
  Processing by HomeController#authenticate as 
  Parameters: {"socket_id"=>"2614.784179", "channel_name"=>"presence-instant-messaging-channel"}
  [1m[35mUser Load (0.5ms)[0m  SELECT "users".* FROM "users" WHERE "users"."id" = 5 LIMIT 1
Completed 200 OK in 35ms (Views: 8.7ms | ActiveRecord: 0.5ms)


Started POST "/home/send_message" for 127.0.0.1 at 2012-01-11 00:10:34 +0100
  Processing by HomeController#send_message as JS
  Parameters: {"utf8"=>"✓", "authenticity_token"=>"HhdyJaCDwi/qgk7UJ7GO03u6NF8ehpcIF7a/2Rlu+J0=", "message"=>";)", "commit"=>"Envoyer"}
  [1m[36mUser Load (0.4ms)[0m  [1mSELECT "users".* FROM "users" WHERE "users"."id" = 5 LIMIT 1[0m
Completed 200 OK in 946ms


Started POST "/home/send_message" for 127.0.0.1 at 2012-01-11 00:10:44 +0100
  Processing by HomeController#send_message as JS
  Parameters: {"utf8"=>"✓", "authenticity_token"=>"7cxIg09+58nYfgdU8+q2brOKu9R3dSSgf+NaXtohvpY=", "message"=>":p", "commit"=>"Envoyer"}
  [1m[35mUser Load (0.5ms)[0m  SELECT "users".* FROM "users" WHERE "users"."id" = 4 LIMIT 1
Completed 200 OK in 478ms


Started POST "/home/send_message" for 127.0.0.1 at 2012-01-11 00:11:28 +0100
  Processing by HomeController#send_message as JS
  Parameters: {"utf8"=>"✓", "authenticity_token"=>"uhfXSMDbOFevHYx3uoI2d5SHsn9vnP0BrPvEHWsoP/Y=", "message"=>"^^", "commit"=>"Envoyer"}
  [1m[36mUser Load (0.5ms)[0m  [1mSELECT "users".* FROM "users" WHERE "users"."id" = 3 LIMIT 1[0m
Completed 200 OK in 409ms


Started GET "/" for 127.0.0.1 at 2012-01-11 00:15:43 +0100
  Processing by HomeController#index as HTML
  [1m[35mUser Load (0.6ms)[0m  SELECT "users".* FROM "users" WHERE "users"."id" = 4 LIMIT 1
Rendered home/index.html.erb within layouts/application (4.0ms)
Completed 200 OK in 86ms (Views: 10.0ms | ActiveRecord: 0.6ms)


Started POST "/home/authenticate" for 127.0.0.1 at 2012-01-11 00:15:45 +0100
  Processing by HomeController#authenticate as 
  Parameters: {"socket_id"=>"2604.786085", "channel_name"=>"presence-instant-messaging-channel"}
  [1m[36mUser Load (0.5ms)[0m  [1mSELECT "users".* FROM "users" WHERE "users"."id" = 4 LIMIT 1[0m
Completed 200 OK in 88ms (Views: 10.0ms | ActiveRecord: 0.5ms)


Started GET "/" for 127.0.0.1 at 2012-01-11 00:20:17 +0100
  Processing by HomeController#index as HTML
  [1m[35mUser Load (0.6ms)[0m  SELECT "users".* FROM "users" WHERE "users"."id" = 4 LIMIT 1
Rendered home/index.html.erb within layouts/application (3.7ms)
Completed 200 OK in 36ms (Views: 8.7ms | ActiveRecord: 0.6ms)


Started POST "/home/authenticate" for 127.0.0.1 at 2012-01-11 00:20:18 +0100
  Processing by HomeController#authenticate as 
  Parameters: {"socket_id"=>"2596.788448", "channel_name"=>"presence-instant-messaging-channel"}
  [1m[36mUser Load (0.7ms)[0m  [1mSELECT "users".* FROM "users" WHERE "users"."id" = 4 LIMIT 1[0m
Completed 200 OK in 42ms (Views: 10.3ms | ActiveRecord: 0.7ms)


Started POST "/home/authenticate" for 127.0.0.1 at 2012-01-11 09:57:01 +0100
  Processing by HomeController#authenticate as 
  Parameters: {"socket_id"=>"2625.910969", "channel_name"=>"presence-instant-messaging-channel"}
  [1m[35mUser Load (0.5ms)[0m  SELECT "users".* FROM "users" WHERE "users"."id" = 4 LIMIT 1
Completed   in 114ms

NoMethodError (undefined method `user_is_authenticated?' for #<HomeController:0x000001040a0938>):
  app/controllers/home_controller.rb:15:in `authenticate'

Rendered /Users/ericfavre/.rvm/gems/ruby-1.9.2-p180/gems/actionpack-3.0.5/lib/action_dispatch/middleware/templates/rescues/_trace.erb (1.5ms)
Rendered /Users/ericfavre/.rvm/gems/ruby-1.9.2-p180/gems/actionpack-3.0.5/lib/action_dispatch/middleware/templates/rescues/_request_and_response.erb (87.8ms)
Rendered /Users/ericfavre/.rvm/gems/ruby-1.9.2-p180/gems/actionpack-3.0.5/lib/action_dispatch/middleware/templates/rescues/diagnostics.erb within rescues/layout (94.4ms)


Started GET "/" for 127.0.0.1 at 2012-01-11 13:19:16 +0100
  Processing by HomeController#index as HTML
Completed   in 1ms


Started GET "/users/sign_in" for 127.0.0.1 at 2012-01-11 13:19:16 +0100
  Processing by Devise::SessionsController#new as HTML
Rendered /Users/ericfavre/.rvm/gems/ruby-1.9.2-p180/gems/devise-1.2.1/app/views/devise/shared/_links.erb (1.5ms)
Rendered /Users/ericfavre/.rvm/gems/ruby-1.9.2-p180/gems/devise-1.2.1/app/views/devise/sessions/new.html.erb within layouts/application (11.2ms)
Completed 200 OK in 37ms (Views: 16.6ms | ActiveRecord: 0.0ms)


Started POST "/users/sign_in" for 127.0.0.1 at 2012-01-11 13:19:25 +0100
  Processing by Devise::SessionsController#create as HTML
  Parameters: {"utf8"=>"✓", "authenticity_token"=>"T9b3iUiQ4SYdJka0jz2Vde5ay1jNDAAaVAd4RPHkpNE=", "user"=>{"email"=>"efavre@octo.com", "password"=>"[FILTERED]", "remember_me"=>"0"}, "commit"=>"Sign in"}
  [1m[36mUser Load (0.7ms)[0m  [1mSELECT "users".* FROM "users" WHERE "users"."email" = 'efavre@octo.com' LIMIT 1[0m
  [1m[35mAREL (0.4ms)[0m  UPDATE "users" SET "last_sign_in_at" = '2012-01-10 22:48:31.444704', "current_sign_in_at" = '2012-01-11 12:19:26.148440', "sign_in_count" = 6, "updated_at" = '2012-01-11 12:19:26.149282' WHERE "users"."id" = 1
Redirected to http://localhost:3000/
Completed 302 Found in 118ms


Started GET "/" for 127.0.0.1 at 2012-01-11 13:19:26 +0100
  Processing by HomeController#index as HTML
  [1m[36mUser Load (0.6ms)[0m  [1mSELECT "users".* FROM "users" WHERE "users"."id" = 1 LIMIT 1[0m
Rendered home/index.html.erb within layouts/application (4.3ms)
Completed 200 OK in 89ms (Views: 11.4ms | ActiveRecord: 0.6ms)


Started POST "/home/authenticate" for 127.0.0.1 at 2012-01-11 13:19:26 +0100
  Processing by HomeController#authenticate as 
  Parameters: {"socket_id"=>"2618.933402", "channel_name"=>"presence-instant-messaging-channel"}
  [1m[35mUser Load (0.6ms)[0m  SELECT "users".* FROM "users" WHERE "users"."id" = 1 LIMIT 1
Completed 200 OK in 34ms (Views: 8.7ms | ActiveRecord: 0.6ms)


Started GET "/users/sign_out" for 127.0.0.1 at 2012-01-11 13:19:27 +0100
  Processing by Devise::SessionsController#destroy as HTML
  [1m[36mUser Load (0.6ms)[0m  [1mSELECT "users".* FROM "users" WHERE "users"."id" = 1 LIMIT 1[0m
Redirected to http://localhost:3000/
Completed 302 Found in 31ms


Started GET "/" for 127.0.0.1 at 2012-01-11 13:19:27 +0100
  Processing by HomeController#index as HTML
Completed   in 8ms


Started GET "/users/sign_in" for 127.0.0.1 at 2012-01-11 13:19:27 +0100
  Processing by Devise::SessionsController#new as HTML
Rendered /Users/ericfavre/.rvm/gems/ruby-1.9.2-p180/gems/devise-1.2.1/app/views/devise/shared/_links.erb (1.5ms)
Rendered /Users/ericfavre/.rvm/gems/ruby-1.9.2-p180/gems/devise-1.2.1/app/views/devise/sessions/new.html.erb within layouts/application (11.0ms)
Completed 200 OK in 40ms (Views: 17.3ms | ActiveRecord: 0.6ms)
